Analysis & Synthesis report for RegisterUnit
Thu Mar  3 14:09:38 2022
Quartus Prime Version 21.1.0 Build 842 10/21/2021 SJ Lite Edition


---------------------
; Table of Contents ;
---------------------
  1. Legal Notice
  2. Analysis & Synthesis Summary
  3. Analysis & Synthesis Settings
  4. Parallel Compilation
  5. Analysis & Synthesis Source Files Read
  6. Analysis & Synthesis Resource Usage Summary
  7. Analysis & Synthesis Resource Utilization by Entity
  8. Analysis & Synthesis RAM Summary
  9. Registers Removed During Synthesis
 10. General Register Statistics
 11. Registers Added for RAM Pass-Through Logic
 12. Registers Packed Into Inferred Megafunctions
 13. Source assignments for altsyncram:registers_rtl_0|altsyncram_6ji1:auto_generated
 14. Source assignments for altsyncram:registers_rtl_1|altsyncram_6ji1:auto_generated
 15. Parameter Settings for Inferred Entity Instance: altsyncram:registers_rtl_0
 16. Parameter Settings for Inferred Entity Instance: altsyncram:registers_rtl_1
 17. altsyncram Parameter Settings by Entity Instance
 18. Post-Synthesis Netlist Statistics for Top Partition
 19. Elapsed Time Per Partition
 20. Analysis & Synthesis Messages



----------------
; Legal Notice ;
----------------
Copyright (C) 2021  Intel Corporation. All rights reserved.
Your use of Intel Corporation's design tools, logic functions 
and other software and tools, and any partner logic 
functions, and any output files from any of the foregoing 
(including device programming or simulation files), and any 
associated documentation or information are expressly subject 
to the terms and conditions of the Intel Program License 
Subscription Agreement, the Intel Quartus Prime License Agreement,
the Intel FPGA IP License Agreement, or other applicable license
agreement, including, without limitation, that your use is for
the sole purpose of programming logic devices manufactured by
Intel and sold by Intel or its authorized distributors.  Please
refer to the applicable agreement for further details, at
https://fpgasoftware.intel.com/eula.



+-------------------------------------------------------------------------------+
; Analysis & Synthesis Summary                                                  ;
+---------------------------------+---------------------------------------------+
; Analysis & Synthesis Status     ; Successful - Thu Mar  3 14:09:38 2022       ;
; Quartus Prime Version           ; 21.1.0 Build 842 10/21/2021 SJ Lite Edition ;
; Revision Name                   ; RegisterUnit                                ;
; Top-level Entity Name           ; RegisterUnit                                ;
; Family                          ; Cyclone V                                   ;
; Logic utilization (in ALMs)     ; N/A                                         ;
; Total registers                 ; 20                                          ;
; Total pins                      ; 24                                          ;
; Total virtual pins              ; 0                                           ;
; Total block memory bits         ; 80                                          ;
; Total DSP Blocks                ; 0                                           ;
; Total HSSI RX PCSs              ; 0                                           ;
; Total HSSI PMA RX Deserializers ; 0                                           ;
; Total HSSI TX PCSs              ; 0                                           ;
; Total HSSI PMA TX Serializers   ; 0                                           ;
; Total PLLs                      ; 0                                           ;
; Total DLLs                      ; 0                                           ;
+---------------------------------+---------------------------------------------+


+---------------------------------------------------------------------------------------------------------------------------+
; Analysis & Synthesis Settings                                                                                             ;
+---------------------------------------------------------------------------------+--------------------+--------------------+
; Option                                                                          ; Setting            ; Default Value      ;
+---------------------------------------------------------------------------------+--------------------+--------------------+
; Device                                                                          ; 5CSEMA5F31C6       ;                    ;
; Top-level entity name                                                           ; RegisterUnit       ; RegisterUnit       ;
; Family name                                                                     ; Cyclone V          ; Cyclone V          ;
; Use smart compilation                                                           ; Off                ; Off                ;
; Enable parallel Assembler and Timing Analyzer during compilation                ; On                 ; On                 ;
; Enable compact report table                                                     ; Off                ; Off                ;
; Restructure Multiplexers                                                        ; Auto               ; Auto               ;
; MLAB Add Timing Constraints For Mixed-Port Feed-Through Mode Setting Don't Care ; Off                ; Off                ;
; Create Debugging Nodes for IP Cores                                             ; Off                ; Off                ;
; Preserve fewer node names                                                       ; On                 ; On                 ;
; Intel FPGA IP Evaluation Mode                                                   ; Enable             ; Enable             ;
; Verilog Version                                                                 ; Verilog_2001       ; Verilog_2001       ;
; VHDL Version                                                                    ; VHDL_1993          ; VHDL_1993          ;
; State Machine Processing                                                        ; Auto               ; Auto               ;
; Safe State Machine                                                              ; Off                ; Off                ;
; Extract Verilog State Machines                                                  ; On                 ; On                 ;
; Extract VHDL State Machines                                                     ; On                 ; On                 ;
; Ignore Verilog initial constructs                                               ; Off                ; Off                ;
; Iteration limit for constant Verilog loops                                      ; 5000               ; 5000               ;
; Iteration limit for non-constant Verilog loops                                  ; 250                ; 250                ;
; Add Pass-Through Logic to Inferred RAMs                                         ; On                 ; On                 ;
; Infer RAMs from Raw Logic                                                       ; On                 ; On                 ;
; Parallel Synthesis                                                              ; On                 ; On                 ;
; DSP Block Balancing                                                             ; Auto               ; Auto               ;
; NOT Gate Push-Back                                                              ; On                 ; On                 ;
; Power-Up Don't Care                                                             ; On                 ; On                 ;
; Remove Redundant Logic Cells                                                    ; Off                ; Off                ;
; Remove Duplicate Registers                                                      ; On                 ; On                 ;
; Ignore CARRY Buffers                                                            ; Off                ; Off                ;
; Ignore CASCADE Buffers                                                          ; Off                ; Off                ;
; Ignore GLOBAL Buffers                                                           ; Off                ; Off                ;
; Ignore ROW GLOBAL Buffers                                                       ; Off                ; Off                ;
; Ignore LCELL Buffers                                                            ; Off                ; Off                ;
; Ignore SOFT Buffers                                                             ; On                 ; On                 ;
; Limit AHDL Integers to 32 Bits                                                  ; Off                ; Off                ;
; Optimization Technique                                                          ; Balanced           ; Balanced           ;
; Carry Chain Length                                                              ; 70                 ; 70                 ;
; Auto Carry Chains                                                               ; On                 ; On                 ;
; Auto Open-Drain Pins                                                            ; On                 ; On                 ;
; Perform WYSIWYG Primitive Resynthesis                                           ; Off                ; Off                ;
; Auto ROM Replacement                                                            ; On                 ; On                 ;
; Auto RAM Replacement                                                            ; On                 ; On                 ;
; Auto DSP Block Replacement                                                      ; On                 ; On                 ;
; Auto Shift Register Replacement                                                 ; Auto               ; Auto               ;
; Allow Shift Register Merging across Hierarchies                                 ; Auto               ; Auto               ;
; Auto Clock Enable Replacement                                                   ; On                 ; On                 ;
; Strict RAM Replacement                                                          ; Off                ; Off                ;
; Allow Synchronous Control Signals                                               ; On                 ; On                 ;
; Force Use of Synchronous Clear Signals                                          ; Off                ; Off                ;
; Auto Resource Sharing                                                           ; Off                ; Off                ;
; Allow Any RAM Size For Recognition                                              ; Off                ; Off                ;
; Allow Any ROM Size For Recognition                                              ; Off                ; Off                ;
; Allow Any Shift Register Size For Recognition                                   ; Off                ; Off                ;
; Use LogicLock Constraints during Resource Balancing                             ; On                 ; On                 ;
; Ignore translate_off and synthesis_off directives                               ; Off                ; Off                ;
; Timing-Driven Synthesis                                                         ; On                 ; On                 ;
; Report Parameter Settings                                                       ; On                 ; On                 ;
; Report Source Assignments                                                       ; On                 ; On                 ;
; Report Connectivity Checks                                                      ; On                 ; On                 ;
; Ignore Maximum Fan-Out Assignments                                              ; Off                ; Off                ;
; Synchronization Register Chain Length                                           ; 3                  ; 3                  ;
; Power Optimization During Synthesis                                             ; Normal compilation ; Normal compilation ;
; HDL message level                                                               ; Level2             ; Level2             ;
; Suppress Register Optimization Related Messages                                 ; Off                ; Off                ;
; Number of Removed Registers Reported in Synthesis Report                        ; 5000               ; 5000               ;
; Number of Swept Nodes Reported in Synthesis Report                              ; 5000               ; 5000               ;
; Number of Inverted Registers Reported in Synthesis Report                       ; 100                ; 100                ;
; Clock MUX Protection                                                            ; On                 ; On                 ;
; Auto Gated Clock Conversion                                                     ; Off                ; Off                ;
; Block Design Naming                                                             ; Auto               ; Auto               ;
; SDC constraint protection                                                       ; Off                ; Off                ;
; Synthesis Effort                                                                ; Auto               ; Auto               ;
; Shift Register Replacement - Allow Asynchronous Clear Signal                    ; On                 ; On                 ;
; Pre-Mapping Resynthesis Optimization                                            ; Off                ; Off                ;
; Analysis & Synthesis Message Level                                              ; Medium             ; Medium             ;
; Disable Register Merging Across Hierarchies                                     ; Auto               ; Auto               ;
; Resource Aware Inference For Block RAM                                          ; On                 ; On                 ;
; Automatic Parallel Synthesis                                                    ; On                 ; On                 ;
; Partial Reconfiguration Bitstream ID                                            ; Off                ; Off                ;
+---------------------------------------------------------------------------------+--------------------+--------------------+


+------------------------------------------+
; Parallel Compilation                     ;
+----------------------------+-------------+
; Processors                 ; Number      ;
+----------------------------+-------------+
; Number detected on machine ; 4           ;
; Maximum allowed            ; 2           ;
;                            ;             ;
; Average used               ; 1.00        ;
; Maximum used               ; 1           ;
;                            ;             ;
; Usage by Processor         ; % Time Used ;
;     Processor 1            ; 100.0%      ;
+----------------------------+-------------+


+--------------------------------------------------------------------------------------------------------------------------------------------------------------------------------------+
; Analysis & Synthesis Source Files Read                                                                                                                                               ;
+----------------------------------+-----------------+------------------------------+----------------------------------------------------------------------------------------+---------+
; File Name with User-Entered Path ; Used in Netlist ; File Type                    ; File Name with Absolute Path                                                           ; Library ;
+----------------------------------+-----------------+------------------------------+----------------------------------------------------------------------------------------+---------+
; RegisterUnit.sv                  ; yes             ; User SystemVerilog HDL File  ; /home/sebusa/Downloads/CPU/Register Unit/RegisterUnit.sv                               ;         ;
; altsyncram.tdf                   ; yes             ; Megafunction                 ; /home/sebusa/intelFPGA_lite/21.1/quartus/libraries/megafunctions/altsyncram.tdf        ;         ;
; stratix_ram_block.inc            ; yes             ; Megafunction                 ; /home/sebusa/intelFPGA_lite/21.1/quartus/libraries/megafunctions/stratix_ram_block.inc ;         ;
; lpm_mux.inc                      ; yes             ; Megafunction                 ; /home/sebusa/intelFPGA_lite/21.1/quartus/libraries/megafunctions/lpm_mux.inc           ;         ;
; lpm_decode.inc                   ; yes             ; Megafunction                 ; /home/sebusa/intelFPGA_lite/21.1/quartus/libraries/megafunctions/lpm_decode.inc        ;         ;
; aglobal211.inc                   ; yes             ; Megafunction                 ; /home/sebusa/intelFPGA_lite/21.1/quartus/libraries/megafunctions/aglobal211.inc        ;         ;
; a_rdenreg.inc                    ; yes             ; Megafunction                 ; /home/sebusa/intelFPGA_lite/21.1/quartus/libraries/megafunctions/a_rdenreg.inc         ;         ;
; altrom.inc                       ; yes             ; Megafunction                 ; /home/sebusa/intelFPGA_lite/21.1/quartus/libraries/megafunctions/altrom.inc            ;         ;
; altram.inc                       ; yes             ; Megafunction                 ; /home/sebusa/intelFPGA_lite/21.1/quartus/libraries/megafunctions/altram.inc            ;         ;
; altdpram.inc                     ; yes             ; Megafunction                 ; /home/sebusa/intelFPGA_lite/21.1/quartus/libraries/megafunctions/altdpram.inc          ;         ;
; db/altsyncram_6ji1.tdf           ; yes             ; Auto-Generated Megafunction  ; /home/sebusa/Downloads/CPU/Register Unit/db/altsyncram_6ji1.tdf                        ;         ;
+----------------------------------+-----------------+------------------------------+----------------------------------------------------------------------------------------+---------+


+---------------------------------------------------------+
; Analysis & Synthesis Resource Usage Summary             ;
+---------------------------------------------+-----------+
; Resource                                    ; Usage     ;
+---------------------------------------------+-----------+
; Estimate of Logic utilization (ALMs needed) ; 15        ;
;                                             ;           ;
; Combinational ALUT usage for logic          ; 13        ;
;     -- 7 input functions                    ; 0         ;
;     -- 6 input functions                    ; 0         ;
;     -- 5 input functions                    ; 8         ;
;     -- 4 input functions                    ; 4         ;
;     -- <=3 input functions                  ; 1         ;
;                                             ;           ;
; Dedicated logic registers                   ; 20        ;
;                                             ;           ;
; I/O pins                                    ; 24        ;
; Total MLAB memory bits                      ; 0         ;
; Total block memory bits                     ; 80        ;
;                                             ;           ;
; Total DSP Blocks                            ; 0         ;
;                                             ;           ;
; Maximum fan-out node                        ; clk~input ;
; Maximum fan-out                             ; 30        ;
; Total fan-out                               ; 220       ;
; Average fan-out                             ; 2.42      ;
+---------------------------------------------+-----------+


+------------------------------------------------------------------------------------------------------------------------------------------------------------------------------------------------------------------------------------------------------------+
; Analysis & Synthesis Resource Utilization by Entity                                                                                                                                                                                                        ;
+----------------------------------------+---------------------+---------------------------+-------------------+------------+------+--------------+-------------------------------------------------------------------------+-----------------+--------------+
; Compilation Hierarchy Node             ; Combinational ALUTs ; Dedicated Logic Registers ; Block Memory Bits ; DSP Blocks ; Pins ; Virtual Pins ; Full Hierarchy Name                                                     ; Entity Name     ; Library Name ;
+----------------------------------------+---------------------+---------------------------+-------------------+------------+------+--------------+-------------------------------------------------------------------------+-----------------+--------------+
; |RegisterUnit                          ; 13 (13)             ; 20 (20)                   ; 80                ; 0          ; 24   ; 0            ; |RegisterUnit                                                           ; RegisterUnit    ; work         ;
;    |altsyncram:registers_rtl_0|        ; 0 (0)               ; 0 (0)                     ; 40                ; 0          ; 0    ; 0            ; |RegisterUnit|altsyncram:registers_rtl_0                                ; altsyncram      ; work         ;
;       |altsyncram_6ji1:auto_generated| ; 0 (0)               ; 0 (0)                     ; 40                ; 0          ; 0    ; 0            ; |RegisterUnit|altsyncram:registers_rtl_0|altsyncram_6ji1:auto_generated ; altsyncram_6ji1 ; work         ;
;    |altsyncram:registers_rtl_1|        ; 0 (0)               ; 0 (0)                     ; 40                ; 0          ; 0    ; 0            ; |RegisterUnit|altsyncram:registers_rtl_1                                ; altsyncram      ; work         ;
;       |altsyncram_6ji1:auto_generated| ; 0 (0)               ; 0 (0)                     ; 40                ; 0          ; 0    ; 0            ; |RegisterUnit|altsyncram:registers_rtl_1|altsyncram_6ji1:auto_generated ; altsyncram_6ji1 ; work         ;
+----------------------------------------+---------------------+---------------------------+-------------------+------------+------+--------------+-------------------------------------------------------------------------+-----------------+--------------+
Note: For table entries with two numbers listed, the numbers in parentheses indicate the number of resources of the given type used by the specific entity alone. The numbers listed outside of parentheses indicate the total resources of the given type used by the specific entity and all of its sub-entities in the hierarchy.


+--------------------------------------------------------------------------------------------------------------------------------------------------------------------------+
; Analysis & Synthesis RAM Summary                                                                                                                                         ;
+----------------------------------------------------------------------+------+------------------+--------------+--------------+--------------+--------------+------+------+
; Name                                                                 ; Type ; Mode             ; Port A Depth ; Port A Width ; Port B Depth ; Port B Width ; Size ; MIF  ;
+----------------------------------------------------------------------+------+------------------+--------------+--------------+--------------+--------------+------+------+
; altsyncram:registers_rtl_0|altsyncram_6ji1:auto_generated|ALTSYNCRAM ; AUTO ; Simple Dual Port ; 32           ; 32           ; 32           ; 32           ; 1024 ; None ;
; altsyncram:registers_rtl_1|altsyncram_6ji1:auto_generated|ALTSYNCRAM ; AUTO ; Simple Dual Port ; 32           ; 32           ; 32           ; 32           ; 1024 ; None ;
+----------------------------------------------------------------------+------+------------------+--------------+--------------+--------------+--------------+------+------+


+---------------------------------------------------------------------------------+
; Registers Removed During Synthesis                                              ;
+----------------------------------------+----------------------------------------+
; Register name                          ; Reason for Removal                     ;
+----------------------------------------+----------------------------------------+
; registers_rtl_0_bypass[16..42]         ; Lost fanout                            ;
; registers_rtl_1_bypass[16..42]         ; Lost fanout                            ;
; registers_rtl_0_bypass[7..10,14,15]    ; Stuck at GND due to stuck port data_in ;
; registers_rtl_1_bypass[7..10,14,15]    ; Stuck at GND due to stuck port data_in ;
; Total Number of Removed Registers = 66 ;                                        ;
+----------------------------------------+----------------------------------------+


+------------------------------------------------------+
; General Register Statistics                          ;
+----------------------------------------------+-------+
; Statistic                                    ; Value ;
+----------------------------------------------+-------+
; Total registers                              ; 20    ;
; Number of registers using Synchronous Clear  ; 0     ;
; Number of registers using Synchronous Load   ; 0     ;
; Number of registers using Asynchronous Clear ; 0     ;
; Number of registers using Asynchronous Load  ; 0     ;
; Number of registers using Clock Enable       ; 0     ;
; Number of registers using Preset             ; 0     ;
+----------------------------------------------+-------+


+----------------------------------------------+
; Registers Added for RAM Pass-Through Logic   ;
+----------------------------+-----------------+
; Register Name              ; RAM Name        ;
+----------------------------+-----------------+
; registers_rtl_0_bypass[0]  ; registers_rtl_0 ;
; registers_rtl_0_bypass[1]  ; registers_rtl_0 ;
; registers_rtl_0_bypass[2]  ; registers_rtl_0 ;
; registers_rtl_0_bypass[3]  ; registers_rtl_0 ;
; registers_rtl_0_bypass[4]  ; registers_rtl_0 ;
; registers_rtl_0_bypass[5]  ; registers_rtl_0 ;
; registers_rtl_0_bypass[6]  ; registers_rtl_0 ;
; registers_rtl_0_bypass[7]  ; registers_rtl_0 ;
; registers_rtl_0_bypass[8]  ; registers_rtl_0 ;
; registers_rtl_0_bypass[9]  ; registers_rtl_0 ;
; registers_rtl_0_bypass[10] ; registers_rtl_0 ;
; registers_rtl_0_bypass[11] ; registers_rtl_0 ;
; registers_rtl_0_bypass[12] ; registers_rtl_0 ;
; registers_rtl_0_bypass[13] ; registers_rtl_0 ;
; registers_rtl_0_bypass[14] ; registers_rtl_0 ;
; registers_rtl_0_bypass[15] ; registers_rtl_0 ;
; registers_rtl_0_bypass[16] ; registers_rtl_0 ;
; registers_rtl_0_bypass[17] ; registers_rtl_0 ;
; registers_rtl_0_bypass[18] ; registers_rtl_0 ;
; registers_rtl_0_bypass[19] ; registers_rtl_0 ;
; registers_rtl_0_bypass[20] ; registers_rtl_0 ;
; registers_rtl_0_bypass[21] ; registers_rtl_0 ;
; registers_rtl_0_bypass[22] ; registers_rtl_0 ;
; registers_rtl_0_bypass[23] ; registers_rtl_0 ;
; registers_rtl_0_bypass[24] ; registers_rtl_0 ;
; registers_rtl_0_bypass[25] ; registers_rtl_0 ;
; registers_rtl_0_bypass[26] ; registers_rtl_0 ;
; registers_rtl_0_bypass[27] ; registers_rtl_0 ;
; registers_rtl_0_bypass[28] ; registers_rtl_0 ;
; registers_rtl_0_bypass[29] ; registers_rtl_0 ;
; registers_rtl_0_bypass[30] ; registers_rtl_0 ;
; registers_rtl_0_bypass[31] ; registers_rtl_0 ;
; registers_rtl_0_bypass[32] ; registers_rtl_0 ;
; registers_rtl_0_bypass[33] ; registers_rtl_0 ;
; registers_rtl_0_bypass[34] ; registers_rtl_0 ;
; registers_rtl_0_bypass[35] ; registers_rtl_0 ;
; registers_rtl_0_bypass[36] ; registers_rtl_0 ;
; registers_rtl_0_bypass[37] ; registers_rtl_0 ;
; registers_rtl_0_bypass[38] ; registers_rtl_0 ;
; registers_rtl_0_bypass[39] ; registers_rtl_0 ;
; registers_rtl_0_bypass[40] ; registers_rtl_0 ;
; registers_rtl_0_bypass[41] ; registers_rtl_0 ;
; registers_rtl_0_bypass[42] ; registers_rtl_0 ;
; registers_rtl_1_bypass[0]  ; registers_rtl_1 ;
; registers_rtl_1_bypass[1]  ; registers_rtl_1 ;
; registers_rtl_1_bypass[2]  ; registers_rtl_1 ;
; registers_rtl_1_bypass[3]  ; registers_rtl_1 ;
; registers_rtl_1_bypass[4]  ; registers_rtl_1 ;
; registers_rtl_1_bypass[5]  ; registers_rtl_1 ;
; registers_rtl_1_bypass[6]  ; registers_rtl_1 ;
; registers_rtl_1_bypass[7]  ; registers_rtl_1 ;
; registers_rtl_1_bypass[8]  ; registers_rtl_1 ;
; registers_rtl_1_bypass[9]  ; registers_rtl_1 ;
; registers_rtl_1_bypass[10] ; registers_rtl_1 ;
; registers_rtl_1_bypass[11] ; registers_rtl_1 ;
; registers_rtl_1_bypass[12] ; registers_rtl_1 ;
; registers_rtl_1_bypass[13] ; registers_rtl_1 ;
; registers_rtl_1_bypass[14] ; registers_rtl_1 ;
; registers_rtl_1_bypass[15] ; registers_rtl_1 ;
; registers_rtl_1_bypass[16] ; registers_rtl_1 ;
; registers_rtl_1_bypass[17] ; registers_rtl_1 ;
; registers_rtl_1_bypass[18] ; registers_rtl_1 ;
; registers_rtl_1_bypass[19] ; registers_rtl_1 ;
; registers_rtl_1_bypass[20] ; registers_rtl_1 ;
; registers_rtl_1_bypass[21] ; registers_rtl_1 ;
; registers_rtl_1_bypass[22] ; registers_rtl_1 ;
; registers_rtl_1_bypass[23] ; registers_rtl_1 ;
; registers_rtl_1_bypass[24] ; registers_rtl_1 ;
; registers_rtl_1_bypass[25] ; registers_rtl_1 ;
; registers_rtl_1_bypass[26] ; registers_rtl_1 ;
; registers_rtl_1_bypass[27] ; registers_rtl_1 ;
; registers_rtl_1_bypass[28] ; registers_rtl_1 ;
; registers_rtl_1_bypass[29] ; registers_rtl_1 ;
; registers_rtl_1_bypass[30] ; registers_rtl_1 ;
; registers_rtl_1_bypass[31] ; registers_rtl_1 ;
; registers_rtl_1_bypass[32] ; registers_rtl_1 ;
; registers_rtl_1_bypass[33] ; registers_rtl_1 ;
; registers_rtl_1_bypass[34] ; registers_rtl_1 ;
; registers_rtl_1_bypass[35] ; registers_rtl_1 ;
; registers_rtl_1_bypass[36] ; registers_rtl_1 ;
; registers_rtl_1_bypass[37] ; registers_rtl_1 ;
; registers_rtl_1_bypass[38] ; registers_rtl_1 ;
; registers_rtl_1_bypass[39] ; registers_rtl_1 ;
; registers_rtl_1_bypass[40] ; registers_rtl_1 ;
; registers_rtl_1_bypass[41] ; registers_rtl_1 ;
; registers_rtl_1_bypass[42] ; registers_rtl_1 ;
+----------------------------+-----------------+


+----------------------------------------------+
; Registers Packed Into Inferred Megafunctions ;
+---------------+-----------------+------------+
; Register Name ; Megafunction    ; Type       ;
+---------------+-----------------+------------+
; RU1[0]~reg0   ; registers_rtl_0 ; RAM        ;
; RU1[1]~reg0   ; registers_rtl_0 ; RAM        ;
; RU1[2]~reg0   ; registers_rtl_0 ; RAM        ;
; RU1[3]~reg0   ; registers_rtl_0 ; RAM        ;
; RU1[4]~reg0   ; registers_rtl_0 ; RAM        ;
; RU2[0]~reg0   ; registers_rtl_1 ; RAM        ;
; RU2[1]~reg0   ; registers_rtl_1 ; RAM        ;
; RU2[2]~reg0   ; registers_rtl_1 ; RAM        ;
; RU2[3]~reg0   ; registers_rtl_1 ; RAM        ;
; RU2[4]~reg0   ; registers_rtl_1 ; RAM        ;
+---------------+-----------------+------------+


+----------------------------------------------------------------------------------+
; Source assignments for altsyncram:registers_rtl_0|altsyncram_6ji1:auto_generated ;
+---------------------------------+--------------------+------+--------------------+
; Assignment                      ; Value              ; From ; To                 ;
+---------------------------------+--------------------+------+--------------------+
; OPTIMIZE_POWER_DURING_SYNTHESIS ; NORMAL_COMPILATION ; -    ; -                  ;
+---------------------------------+--------------------+------+--------------------+


+----------------------------------------------------------------------------------+
; Source assignments for altsyncram:registers_rtl_1|altsyncram_6ji1:auto_generated ;
+---------------------------------+--------------------+------+--------------------+
; Assignment                      ; Value              ; From ; To                 ;
+---------------------------------+--------------------+------+--------------------+
; OPTIMIZE_POWER_DURING_SYNTHESIS ; NORMAL_COMPILATION ; -    ; -                  ;
+---------------------------------+--------------------+------+--------------------+


+-----------------------------------------------------------------------------+
; Parameter Settings for Inferred Entity Instance: altsyncram:registers_rtl_0 ;
+------------------------------------+----------------------+-----------------+
; Parameter Name                     ; Value                ; Type            ;
+------------------------------------+----------------------+-----------------+
; BYTE_SIZE_BLOCK                    ; 8                    ; Untyped         ;
; AUTO_CARRY_CHAINS                  ; ON                   ; AUTO_CARRY      ;
; IGNORE_CARRY_BUFFERS               ; OFF                  ; IGNORE_CARRY    ;
; AUTO_CASCADE_CHAINS                ; ON                   ; AUTO_CASCADE    ;
; IGNORE_CASCADE_BUFFERS             ; OFF                  ; IGNORE_CASCADE  ;
; WIDTH_BYTEENA                      ; 1                    ; Untyped         ;
; OPERATION_MODE                     ; DUAL_PORT            ; Untyped         ;
; WIDTH_A                            ; 32                   ; Untyped         ;
; WIDTHAD_A                          ; 5                    ; Untyped         ;
; NUMWORDS_A                         ; 32                   ; Untyped         ;
; OUTDATA_REG_A                      ; UNREGISTERED         ; Untyped         ;
; ADDRESS_ACLR_A                     ; NONE                 ; Untyped         ;
; OUTDATA_ACLR_A                     ; NONE                 ; Untyped         ;
; WRCONTROL_ACLR_A                   ; NONE                 ; Untyped         ;
; INDATA_ACLR_A                      ; NONE                 ; Untyped         ;
; BYTEENA_ACLR_A                     ; NONE                 ; Untyped         ;
; WIDTH_B                            ; 32                   ; Untyped         ;
; WIDTHAD_B                          ; 5                    ; Untyped         ;
; NUMWORDS_B                         ; 32                   ; Untyped         ;
; INDATA_REG_B                       ; CLOCK1               ; Untyped         ;
; WRCONTROL_WRADDRESS_REG_B          ; CLOCK1               ; Untyped         ;
; RDCONTROL_REG_B                    ; CLOCK1               ; Untyped         ;
; ADDRESS_REG_B                      ; CLOCK0               ; Untyped         ;
; OUTDATA_REG_B                      ; UNREGISTERED         ; Untyped         ;
; BYTEENA_REG_B                      ; CLOCK1               ; Untyped         ;
; INDATA_ACLR_B                      ; NONE                 ; Untyped         ;
; WRCONTROL_ACLR_B                   ; NONE                 ; Untyped         ;
; ADDRESS_ACLR_B                     ; NONE                 ; Untyped         ;
; OUTDATA_ACLR_B                     ; NONE                 ; Untyped         ;
; RDCONTROL_ACLR_B                   ; NONE                 ; Untyped         ;
; BYTEENA_ACLR_B                     ; NONE                 ; Untyped         ;
; WIDTH_BYTEENA_A                    ; 1                    ; Untyped         ;
; WIDTH_BYTEENA_B                    ; 1                    ; Untyped         ;
; RAM_BLOCK_TYPE                     ; AUTO                 ; Untyped         ;
; BYTE_SIZE                          ; 8                    ; Untyped         ;
; READ_DURING_WRITE_MODE_MIXED_PORTS ; DONT_CARE            ; Untyped         ;
; READ_DURING_WRITE_MODE_PORT_A      ; NEW_DATA_NO_NBE_READ ; Untyped         ;
; READ_DURING_WRITE_MODE_PORT_B      ; NEW_DATA_NO_NBE_READ ; Untyped         ;
; INIT_FILE                          ; UNUSED               ; Untyped         ;
; INIT_FILE_LAYOUT                   ; PORT_A               ; Untyped         ;
; MAXIMUM_DEPTH                      ; 0                    ; Untyped         ;
; CLOCK_ENABLE_INPUT_A               ; NORMAL               ; Untyped         ;
; CLOCK_ENABLE_INPUT_B               ; NORMAL               ; Untyped         ;
; CLOCK_ENABLE_OUTPUT_A              ; NORMAL               ; Untyped         ;
; CLOCK_ENABLE_OUTPUT_B              ; NORMAL               ; Untyped         ;
; CLOCK_ENABLE_CORE_A                ; USE_INPUT_CLKEN      ; Untyped         ;
; CLOCK_ENABLE_CORE_B                ; USE_INPUT_CLKEN      ; Untyped         ;
; ENABLE_ECC                         ; FALSE                ; Untyped         ;
; ECC_PIPELINE_STAGE_ENABLED         ; FALSE                ; Untyped         ;
; WIDTH_ECCSTATUS                    ; 3                    ; Untyped         ;
; DEVICE_FAMILY                      ; Cyclone V            ; Untyped         ;
; CBXI_PARAMETER                     ; altsyncram_6ji1      ; Untyped         ;
+------------------------------------+----------------------+-----------------+
Note: In order to hide this table in the UI and the text report file, please set the "Show Parameter Settings in Synthesis Report" option in "Analysis and Synthesis Settings -> More Settings" to "Off".


+-----------------------------------------------------------------------------+
; Parameter Settings for Inferred Entity Instance: altsyncram:registers_rtl_1 ;
+------------------------------------+----------------------+-----------------+
; Parameter Name                     ; Value                ; Type            ;
+------------------------------------+----------------------+-----------------+
; BYTE_SIZE_BLOCK                    ; 8                    ; Untyped         ;
; AUTO_CARRY_CHAINS                  ; ON                   ; AUTO_CARRY      ;
; IGNORE_CARRY_BUFFERS               ; OFF                  ; IGNORE_CARRY    ;
; AUTO_CASCADE_CHAINS                ; ON                   ; AUTO_CASCADE    ;
; IGNORE_CASCADE_BUFFERS             ; OFF                  ; IGNORE_CASCADE  ;
; WIDTH_BYTEENA                      ; 1                    ; Untyped         ;
; OPERATION_MODE                     ; DUAL_PORT            ; Untyped         ;
; WIDTH_A                            ; 32                   ; Untyped         ;
; WIDTHAD_A                          ; 5                    ; Untyped         ;
; NUMWORDS_A                         ; 32                   ; Untyped         ;
; OUTDATA_REG_A                      ; UNREGISTERED         ; Untyped         ;
; ADDRESS_ACLR_A                     ; NONE                 ; Untyped         ;
; OUTDATA_ACLR_A                     ; NONE                 ; Untyped         ;
; WRCONTROL_ACLR_A                   ; NONE                 ; Untyped         ;
; INDATA_ACLR_A                      ; NONE                 ; Untyped         ;
; BYTEENA_ACLR_A                     ; NONE                 ; Untyped         ;
; WIDTH_B                            ; 32                   ; Untyped         ;
; WIDTHAD_B                          ; 5                    ; Untyped         ;
; NUMWORDS_B                         ; 32                   ; Untyped         ;
; INDATA_REG_B                       ; CLOCK1               ; Untyped         ;
; WRCONTROL_WRADDRESS_REG_B          ; CLOCK1               ; Untyped         ;
; RDCONTROL_REG_B                    ; CLOCK1               ; Untyped         ;
; ADDRESS_REG_B                      ; CLOCK0               ; Untyped         ;
; OUTDATA_REG_B                      ; UNREGISTERED         ; Untyped         ;
; BYTEENA_REG_B                      ; CLOCK1               ; Untyped         ;
; INDATA_ACLR_B                      ; NONE                 ; Untyped         ;
; WRCONTROL_ACLR_B                   ; NONE                 ; Untyped         ;
; ADDRESS_ACLR_B                     ; NONE                 ; Untyped         ;
; OUTDATA_ACLR_B                     ; NONE                 ; Untyped         ;
; RDCONTROL_ACLR_B                   ; NONE                 ; Untyped         ;
; BYTEENA_ACLR_B                     ; NONE                 ; Untyped         ;
; WIDTH_BYTEENA_A                    ; 1                    ; Untyped         ;
; WIDTH_BYTEENA_B                    ; 1                    ; Untyped         ;
; RAM_BLOCK_TYPE                     ; AUTO                 ; Untyped         ;
; BYTE_SIZE                          ; 8                    ; Untyped         ;
; READ_DURING_WRITE_MODE_MIXED_PORTS ; DONT_CARE            ; Untyped         ;
; READ_DURING_WRITE_MODE_PORT_A      ; NEW_DATA_NO_NBE_READ ; Untyped         ;
; READ_DURING_WRITE_MODE_PORT_B      ; NEW_DATA_NO_NBE_READ ; Untyped         ;
; INIT_FILE                          ; UNUSED               ; Untyped         ;
; INIT_FILE_LAYOUT                   ; PORT_A               ; Untyped         ;
; MAXIMUM_DEPTH                      ; 0                    ; Untyped         ;
; CLOCK_ENABLE_INPUT_A               ; NORMAL               ; Untyped         ;
; CLOCK_ENABLE_INPUT_B               ; NORMAL               ; Untyped         ;
; CLOCK_ENABLE_OUTPUT_A              ; NORMAL               ; Untyped         ;
; CLOCK_ENABLE_OUTPUT_B              ; NORMAL               ; Untyped         ;
; CLOCK_ENABLE_CORE_A                ; USE_INPUT_CLKEN      ; Untyped         ;
; CLOCK_ENABLE_CORE_B                ; USE_INPUT_CLKEN      ; Untyped         ;
; ENABLE_ECC                         ; FALSE                ; Untyped         ;
; ECC_PIPELINE_STAGE_ENABLED         ; FALSE                ; Untyped         ;
; WIDTH_ECCSTATUS                    ; 3                    ; Untyped         ;
; DEVICE_FAMILY                      ; Cyclone V            ; Untyped         ;
; CBXI_PARAMETER                     ; altsyncram_6ji1      ; Untyped         ;
+------------------------------------+----------------------+-----------------+
Note: In order to hide this table in the UI and the text report file, please set the "Show Parameter Settings in Synthesis Report" option in "Analysis and Synthesis Settings -> More Settings" to "Off".


+------------------------------------------------------------------------+
; altsyncram Parameter Settings by Entity Instance                       ;
+-------------------------------------------+----------------------------+
; Name                                      ; Value                      ;
+-------------------------------------------+----------------------------+
; Number of entity instances                ; 2                          ;
; Entity Instance                           ; altsyncram:registers_rtl_0 ;
;     -- OPERATION_MODE                     ; DUAL_PORT                  ;
;     -- WIDTH_A                            ; 32                         ;
;     -- NUMWORDS_A                         ; 32                         ;
;     -- OUTDATA_REG_A                      ; UNREGISTERED               ;
;     -- WIDTH_B                            ; 32                         ;
;     -- NUMWORDS_B                         ; 32                         ;
;     -- ADDRESS_REG_B                      ; CLOCK0                     ;
;     -- OUTDATA_REG_B                      ; UNREGISTERED               ;
;     -- RAM_BLOCK_TYPE                     ; AUTO                       ;
;     -- READ_DURING_WRITE_MODE_MIXED_PORTS ; DONT_CARE                  ;
; Entity Instance                           ; altsyncram:registers_rtl_1 ;
;     -- OPERATION_MODE                     ; DUAL_PORT                  ;
;     -- WIDTH_A                            ; 32                         ;
;     -- NUMWORDS_A                         ; 32                         ;
;     -- OUTDATA_REG_A                      ; UNREGISTERED               ;
;     -- WIDTH_B                            ; 32                         ;
;     -- NUMWORDS_B                         ; 32                         ;
;     -- ADDRESS_REG_B                      ; CLOCK0                     ;
;     -- OUTDATA_REG_B                      ; UNREGISTERED               ;
;     -- RAM_BLOCK_TYPE                     ; AUTO                       ;
;     -- READ_DURING_WRITE_MODE_MIXED_PORTS ; DONT_CARE                  ;
+-------------------------------------------+----------------------------+


+-----------------------------------------------------+
; Post-Synthesis Netlist Statistics for Top Partition ;
+-----------------------+-----------------------------+
; Type                  ; Count                       ;
+-----------------------+-----------------------------+
; arriav_ff             ; 20                          ;
;     plain             ; 20                          ;
; arriav_lcell_comb     ; 13                          ;
;     normal            ; 13                          ;
;         0 data inputs ; 1                           ;
;         4 data inputs ; 4                           ;
;         5 data inputs ; 8                           ;
; boundary_port         ; 24                          ;
; stratixv_ram_block    ; 10                          ;
;                       ;                             ;
; Max LUT depth         ; 2.00                        ;
; Average LUT depth     ; 1.12                        ;
+-----------------------+-----------------------------+


+-------------------------------+
; Elapsed Time Per Partition    ;
+----------------+--------------+
; Partition Name ; Elapsed Time ;
+----------------+--------------+
; Top            ; 00:00:00     ;
+----------------+--------------+


+-------------------------------+
; Analysis & Synthesis Messages ;
+-------------------------------+
Info: *******************************************************************
Info: Running Quartus Prime Analysis & Synthesis
    Info: Version 21.1.0 Build 842 10/21/2021 SJ Lite Edition
    Info: Processing started: Thu Mar  3 14:09:25 2022
Info: Command: quartus_map --read_settings_files=on --write_settings_files=off RegisterUnit -c RegisterUnit
Warning (18236): Number of processors has not been specified which may cause overloading on shared machines.  Set the global assignment NUM_PARALLEL_PROCESSORS in your QSF to an appropriate value for best performance.
Info (20030): Parallel compilation is enabled and will use 2 of the 2 processors detected
Info (12021): Found 1 design units, including 1 entities, in source file RegisterUnit.sv
    Info (12023): Found entity 1: RegisterUnit File: /home/sebusa/Downloads/CPU/Register Unit/RegisterUnit.sv Line: 1
Info (12127): Elaborating entity "RegisterUnit" for the top level hierarchy
Warning (10230): Verilog HDL assignment warning at RegisterUnit.sv(19): truncated value with size 32 to match size of target (5) File: /home/sebusa/Downloads/CPU/Register Unit/RegisterUnit.sv Line: 19
Warning (10230): Verilog HDL assignment warning at RegisterUnit.sv(20): truncated value with size 32 to match size of target (5) File: /home/sebusa/Downloads/CPU/Register Unit/RegisterUnit.sv Line: 20
Warning (276020): Inferred RAM node "registers_rtl_0" from synchronous design logic.  Pass-through logic has been added to match the read-during-write behavior of the original design.
Warning (276020): Inferred RAM node "registers_rtl_1" from synchronous design logic.  Pass-through logic has been added to match the read-during-write behavior of the original design.
Info (19000): Inferred 2 megafunctions from design logic
    Info (276029): Inferred altsyncram megafunction from the following design logic: "registers_rtl_0" 
        Info (286033): Parameter OPERATION_MODE set to DUAL_PORT
        Info (286033): Parameter WIDTH_A set to 32
        Info (286033): Parameter WIDTHAD_A set to 5
        Info (286033): Parameter NUMWORDS_A set to 32
        Info (286033): Parameter WIDTH_B set to 32
        Info (286033): Parameter WIDTHAD_B set to 5
        Info (286033): Parameter NUMWORDS_B set to 32
        Info (286033): Parameter ADDRESS_ACLR_A set to NONE
        Info (286033): Parameter OUTDATA_REG_B set to UNREGISTERED
        Info (286033): Parameter ADDRESS_ACLR_B set to NONE
        Info (286033): Parameter OUTDATA_ACLR_B set to NONE
        Info (286033): Parameter ADDRESS_REG_B set to CLOCK0
        Info (286033): Parameter INDATA_ACLR_A set to NONE
        Info (286033): Parameter WRCONTROL_ACLR_A set to NONE
    Info (276029): Inferred altsyncram megafunction from the following design logic: "registers_rtl_1" 
        Info (286033): Parameter OPERATION_MODE set to DUAL_PORT
        Info (286033): Parameter WIDTH_A set to 32
        Info (286033): Parameter WIDTHAD_A set to 5
        Info (286033): Parameter NUMWORDS_A set to 32
        Info (286033): Parameter WIDTH_B set to 32
        Info (286033): Parameter WIDTHAD_B set to 5
        Info (286033): Parameter NUMWORDS_B set to 32
        Info (286033): Parameter ADDRESS_ACLR_A set to NONE
        Info (286033): Parameter OUTDATA_REG_B set to UNREGISTERED
        Info (286033): Parameter ADDRESS_ACLR_B set to NONE
        Info (286033): Parameter OUTDATA_ACLR_B set to NONE
        Info (286033): Parameter ADDRESS_REG_B set to CLOCK0
        Info (286033): Parameter INDATA_ACLR_A set to NONE
        Info (286033): Parameter WRCONTROL_ACLR_A set to NONE
Info (12130): Elaborated megafunction instantiation "altsyncram:registers_rtl_0"
Info (12133): Instantiated megafunction "altsyncram:registers_rtl_0" with the following parameter:
    Info (12134): Parameter "OPERATION_MODE" = "DUAL_PORT"
    Info (12134): Parameter "WIDTH_A" = "32"
    Info (12134): Parameter "WIDTHAD_A" = "5"
    Info (12134): Parameter "NUMWORDS_A" = "32"
    Info (12134): Parameter "WIDTH_B" = "32"
    Info (12134): Parameter "WIDTHAD_B" = "5"
    Info (12134): Parameter "NUMWORDS_B" = "32"
    Info (12134): Parameter "ADDRESS_ACLR_A" = "NONE"
    Info (12134): Parameter "OUTDATA_REG_B" = "UNREGISTERED"
    Info (12134): Parameter "ADDRESS_ACLR_B" = "NONE"
    Info (12134): Parameter "OUTDATA_ACLR_B" = "NONE"
    Info (12134): Parameter "ADDRESS_REG_B" = "CLOCK0"
    Info (12134): Parameter "INDATA_ACLR_A" = "NONE"
    Info (12134): Parameter "WRCONTROL_ACLR_A" = "NONE"
Info (12021): Found 1 design units, including 1 entities, in source file db/altsyncram_6ji1.tdf
    Info (12023): Found entity 1: altsyncram_6ji1 File: /home/sebusa/Downloads/CPU/Register Unit/db/altsyncram_6ji1.tdf Line: 28
Warning (14284): Synthesized away the following node(s):
    Warning (14285): Synthesized away the following RAM node(s):
        Warning (14320): Synthesized away node "altsyncram:registers_rtl_1|altsyncram_6ji1:auto_generated|ram_block1a5" File: /home/sebusa/Downloads/CPU/Register Unit/db/altsyncram_6ji1.tdf Line: 188
        Warning (14320): Synthesized away node "altsyncram:registers_rtl_1|altsyncram_6ji1:auto_generated|ram_block1a6" File: /home/sebusa/Downloads/CPU/Register Unit/db/altsyncram_6ji1.tdf Line: 218
        Warning (14320): Synthesized away node "altsyncram:registers_rtl_1|altsyncram_6ji1:auto_generated|ram_block1a7" File: /home/sebusa/Downloads/CPU/Register Unit/db/altsyncram_6ji1.tdf Line: 248
        Warning (14320): Synthesized away node "altsyncram:registers_rtl_1|altsyncram_6ji1:auto_generated|ram_block1a8" File: /home/sebusa/Downloads/CPU/Register Unit/db/altsyncram_6ji1.tdf Line: 278
        Warning (14320): Synthesized away node "altsyncram:registers_rtl_1|altsyncram_6ji1:auto_generated|ram_block1a9" File: /home/sebusa/Downloads/CPU/Register Unit/db/altsyncram_6ji1.tdf Line: 308
        Warning (14320): Synthesized away node "altsyncram:registers_rtl_1|altsyncram_6ji1:auto_generated|ram_block1a10" File: /home/sebusa/Downloads/CPU/Register Unit/db/altsyncram_6ji1.tdf Line: 338
        Warning (14320): Synthesized away node "altsyncram:registers_rtl_1|altsyncram_6ji1:auto_generated|ram_block1a11" File: /home/sebusa/Downloads/CPU/Register Unit/db/altsyncram_6ji1.tdf Line: 368
        Warning (14320): Synthesized away node "altsyncram:registers_rtl_1|altsyncram_6ji1:auto_generated|ram_block1a12" File: /home/sebusa/Downloads/CPU/Register Unit/db/altsyncram_6ji1.tdf Line: 398
        Warning (14320): Synthesized away node "altsyncram:registers_rtl_1|altsyncram_6ji1:auto_generated|ram_block1a13" File: /home/sebusa/Downloads/CPU/Register Unit/db/altsyncram_6ji1.tdf Line: 428
        Warning (14320): Synthesized away node "altsyncram:registers_rtl_1|altsyncram_6ji1:auto_generated|ram_block1a14" File: /home/sebusa/Downloads/CPU/Register Unit/db/altsyncram_6ji1.tdf Line: 458
        Warning (14320): Synthesized away node "altsyncram:registers_rtl_1|altsyncram_6ji1:auto_generated|ram_block1a15" File: /home/sebusa/Downloads/CPU/Register Unit/db/altsyncram_6ji1.tdf Line: 488
        Warning (14320): Synthesized away node "altsyncram:registers_rtl_1|altsyncram_6ji1:auto_generated|ram_block1a16" File: /home/sebusa/Downloads/CPU/Register Unit/db/altsyncram_6ji1.tdf Line: 518
        Warning (14320): Synthesized away node "altsyncram:registers_rtl_1|altsyncram_6ji1:auto_generated|ram_block1a17" File: /home/sebusa/Downloads/CPU/Register Unit/db/altsyncram_6ji1.tdf Line: 548
        Warning (14320): Synthesized away node "altsyncram:registers_rtl_1|altsyncram_6ji1:auto_generated|ram_block1a18" File: /home/sebusa/Downloads/CPU/Register Unit/db/altsyncram_6ji1.tdf Line: 578
        Warning (14320): Synthesized away node "altsyncram:registers_rtl_1|altsyncram_6ji1:auto_generated|ram_block1a19" File: /home/sebusa/Downloads/CPU/Register Unit/db/altsyncram_6ji1.tdf Line: 608
        Warning (14320): Synthesized away node "altsyncram:registers_rtl_1|altsyncram_6ji1:auto_generated|ram_block1a20" File: /home/sebusa/Downloads/CPU/Register Unit/db/altsyncram_6ji1.tdf Line: 638
        Warning (14320): Synthesized away node "altsyncram:registers_rtl_1|altsyncram_6ji1:auto_generated|ram_block1a21" File: /home/sebusa/Downloads/CPU/Register Unit/db/altsyncram_6ji1.tdf Line: 668
        Warning (14320): Synthesized away node "altsyncram:registers_rtl_1|altsyncram_6ji1:auto_generated|ram_block1a22" File: /home/sebusa/Downloads/CPU/Register Unit/db/altsyncram_6ji1.tdf Line: 698
        Warning (14320): Synthesized away node "altsyncram:registers_rtl_1|altsyncram_6ji1:auto_generated|ram_block1a23" File: /home/sebusa/Downloads/CPU/Register Unit/db/altsyncram_6ji1.tdf Line: 728
        Warning (14320): Synthesized away node "altsyncram:registers_rtl_1|altsyncram_6ji1:auto_generated|ram_block1a24" File: /home/sebusa/Downloads/CPU/Register Unit/db/altsyncram_6ji1.tdf Line: 758
        Warning (14320): Synthesized away node "altsyncram:registers_rtl_1|altsyncram_6ji1:auto_generated|ram_block1a25" File: /home/sebusa/Downloads/CPU/Register Unit/db/altsyncram_6ji1.tdf Line: 788
        Warning (14320): Synthesized away node "altsyncram:registers_rtl_1|altsyncram_6ji1:auto_generated|ram_block1a26" File: /home/sebusa/Downloads/CPU/Register Unit/db/altsyncram_6ji1.tdf Line: 818
        Warning (14320): Synthesized away node "altsyncram:registers_rtl_1|altsyncram_6ji1:auto_generated|ram_block1a27" File: /home/sebusa/Downloads/CPU/Register Unit/db/altsyncram_6ji1.tdf Line: 848
        Warning (14320): Synthesized away node "altsyncram:registers_rtl_1|altsyncram_6ji1:auto_generated|ram_block1a28" File: /home/sebusa/Downloads/CPU/Register Unit/db/altsyncram_6ji1.tdf Line: 878
        Warning (14320): Synthesized away node "altsyncram:registers_rtl_1|altsyncram_6ji1:auto_generated|ram_block1a29" File: /home/sebusa/Downloads/CPU/Register Unit/db/altsyncram_6ji1.tdf Line: 908
        Warning (14320): Synthesized away node "altsyncram:registers_rtl_1|altsyncram_6ji1:auto_generated|ram_block1a30" File: /home/sebusa/Downloads/CPU/Register Unit/db/altsyncram_6ji1.tdf Line: 938
        Warning (14320): Synthesized away node "altsyncram:registers_rtl_1|altsyncram_6ji1:auto_generated|ram_block1a31" File: /home/sebusa/Downloads/CPU/Register Unit/db/altsyncram_6ji1.tdf Line: 968
        Warning (14320): Synthesized away node "altsyncram:registers_rtl_0|altsyncram_6ji1:auto_generated|ram_block1a5" File: /home/sebusa/Downloads/CPU/Register Unit/db/altsyncram_6ji1.tdf Line: 188
        Warning (14320): Synthesized away node "altsyncram:registers_rtl_0|altsyncram_6ji1:auto_generated|ram_block1a6" File: /home/sebusa/Downloads/CPU/Register Unit/db/altsyncram_6ji1.tdf Line: 218
        Warning (14320): Synthesized away node "altsyncram:registers_rtl_0|altsyncram_6ji1:auto_generated|ram_block1a7" File: /home/sebusa/Downloads/CPU/Register Unit/db/altsyncram_6ji1.tdf Line: 248
        Warning (14320): Synthesized away node "altsyncram:registers_rtl_0|altsyncram_6ji1:auto_generated|ram_block1a8" File: /home/sebusa/Downloads/CPU/Register Unit/db/altsyncram_6ji1.tdf Line: 278
        Warning (14320): Synthesized away node "altsyncram:registers_rtl_0|altsyncram_6ji1:auto_generated|ram_block1a9" File: /home/sebusa/Downloads/CPU/Register Unit/db/altsyncram_6ji1.tdf Line: 308
        Warning (14320): Synthesized away node "altsyncram:registers_rtl_0|altsyncram_6ji1:auto_generated|ram_block1a10" File: /home/sebusa/Downloads/CPU/Register Unit/db/altsyncram_6ji1.tdf Line: 338
        Warning (14320): Synthesized away node "altsyncram:registers_rtl_0|altsyncram_6ji1:auto_generated|ram_block1a11" File: /home/sebusa/Downloads/CPU/Register Unit/db/altsyncram_6ji1.tdf Line: 368
        Warning (14320): Synthesized away node "altsyncram:registers_rtl_0|altsyncram_6ji1:auto_generated|ram_block1a12" File: /home/sebusa/Downloads/CPU/Register Unit/db/altsyncram_6ji1.tdf Line: 398
        Warning (14320): Synthesized away node "altsyncram:registers_rtl_0|altsyncram_6ji1:auto_generated|ram_block1a13" File: /home/sebusa/Downloads/CPU/Register Unit/db/altsyncram_6ji1.tdf Line: 428
        Warning (14320): Synthesized away node "altsyncram:registers_rtl_0|altsyncram_6ji1:auto_generated|ram_block1a14" File: /home/sebusa/Downloads/CPU/Register Unit/db/altsyncram_6ji1.tdf Line: 458
        Warning (14320): Synthesized away node "altsyncram:registers_rtl_0|altsyncram_6ji1:auto_generated|ram_block1a15" File: /home/sebusa/Downloads/CPU/Register Unit/db/altsyncram_6ji1.tdf Line: 488
        Warning (14320): Synthesized away node "altsyncram:registers_rtl_0|altsyncram_6ji1:auto_generated|ram_block1a16" File: /home/sebusa/Downloads/CPU/Register Unit/db/altsyncram_6ji1.tdf Line: 518
        Warning (14320): Synthesized away node "altsyncram:registers_rtl_0|altsyncram_6ji1:auto_generated|ram_block1a17" File: /home/sebusa/Downloads/CPU/Register Unit/db/altsyncram_6ji1.tdf Line: 548
        Warning (14320): Synthesized away node "altsyncram:registers_rtl_0|altsyncram_6ji1:auto_generated|ram_block1a18" File: /home/sebusa/Downloads/CPU/Register Unit/db/altsyncram_6ji1.tdf Line: 578
        Warning (14320): Synthesized away node "altsyncram:registers_rtl_0|altsyncram_6ji1:auto_generated|ram_block1a19" File: /home/sebusa/Downloads/CPU/Register Unit/db/altsyncram_6ji1.tdf Line: 608
        Warning (14320): Synthesized away node "altsyncram:registers_rtl_0|altsyncram_6ji1:auto_generated|ram_block1a20" File: /home/sebusa/Downloads/CPU/Register Unit/db/altsyncram_6ji1.tdf Line: 638
        Warning (14320): Synthesized away node "altsyncram:registers_rtl_0|altsyncram_6ji1:auto_generated|ram_block1a21" File: /home/sebusa/Downloads/CPU/Register Unit/db/altsyncram_6ji1.tdf Line: 668
        Warning (14320): Synthesized away node "altsyncram:registers_rtl_0|altsyncram_6ji1:auto_generated|ram_block1a22" File: /home/sebusa/Downloads/CPU/Register Unit/db/altsyncram_6ji1.tdf Line: 698
        Warning (14320): Synthesized away node "altsyncram:registers_rtl_0|altsyncram_6ji1:auto_generated|ram_block1a23" File: /home/sebusa/Downloads/CPU/Register Unit/db/altsyncram_6ji1.tdf Line: 728
        Warning (14320): Synthesized away node "altsyncram:registers_rtl_0|altsyncram_6ji1:auto_generated|ram_block1a24" File: /home/sebusa/Downloads/CPU/Register Unit/db/altsyncram_6ji1.tdf Line: 758
        Warning (14320): Synthesized away node "altsyncram:registers_rtl_0|altsyncram_6ji1:auto_generated|ram_block1a25" File: /home/sebusa/Downloads/CPU/Register Unit/db/altsyncram_6ji1.tdf Line: 788
        Warning (14320): Synthesized away node "altsyncram:registers_rtl_0|altsyncram_6ji1:auto_generated|ram_block1a26" File: /home/sebusa/Downloads/CPU/Register Unit/db/altsyncram_6ji1.tdf Line: 818
        Warning (14320): Synthesized away node "altsyncram:registers_rtl_0|altsyncram_6ji1:auto_generated|ram_block1a27" File: /home/sebusa/Downloads/CPU/Register Unit/db/altsyncram_6ji1.tdf Line: 848
        Warning (14320): Synthesized away node "altsyncram:registers_rtl_0|altsyncram_6ji1:auto_generated|ram_block1a28" File: /home/sebusa/Downloads/CPU/Register Unit/db/altsyncram_6ji1.tdf Line: 878
        Warning (14320): Synthesized away node "altsyncram:registers_rtl_0|altsyncram_6ji1:auto_generated|ram_block1a29" File: /home/sebusa/Downloads/CPU/Register Unit/db/altsyncram_6ji1.tdf Line: 908
        Warning (14320): Synthesized away node "altsyncram:registers_rtl_0|altsyncram_6ji1:auto_generated|ram_block1a30" File: /home/sebusa/Downloads/CPU/Register Unit/db/altsyncram_6ji1.tdf Line: 938
        Warning (14320): Synthesized away node "altsyncram:registers_rtl_0|altsyncram_6ji1:auto_generated|ram_block1a31" File: /home/sebusa/Downloads/CPU/Register Unit/db/altsyncram_6ji1.tdf Line: 968
Info (286030): Timing-Driven Synthesis is running
Info (17049): 54 registers lost all their fanouts during netlist optimizations.
Info (17036): Removed 2 MSB VCC or GND address nodes from RAM block "altsyncram:registers_rtl_0|altsyncram_6ji1:auto_generated|ALTSYNCRAM" File: /home/sebusa/Downloads/CPU/Register Unit/db/altsyncram_6ji1.tdf Line: 38
Info (17036): Removed 2 MSB VCC or GND address nodes from RAM block "altsyncram:registers_rtl_1|altsyncram_6ji1:auto_generated|ALTSYNCRAM" File: /home/sebusa/Downloads/CPU/Register Unit/db/altsyncram_6ji1.tdf Line: 38
Info (16010): Generating hard_block partition "hard_block:auto_generated_inst"
    Info (16011): Adding 0 node(s), including 0 DDIO, 0 PLL, 0 transceiver and 0 LCELL
Info (21057): Implemented 67 device resources after synthesis - the final resource count might be different
    Info (21058): Implemented 14 input pins
    Info (21059): Implemented 10 output pins
    Info (21061): Implemented 33 logic cells
    Info (21064): Implemented 10 RAM segments
Info: Quartus Prime Analysis & Synthesis was successful. 0 errors, 61 warnings
    Info: Peak virtual memory: 452 megabytes
    Info: Processing ended: Thu Mar  3 14:09:38 2022
    Info: Elapsed time: 00:00:13
    Info: Total CPU time (on all processors): 00:00:29


